[0m[[0m[0mdebug[0m] [0m[0m> Exec(run, Some(7894390e-d670-4606-ad8c-fefb4ccdf815), Some(CommandSource(console0)))[0m
[0m[[0m[0mdebug[0m] [0m[0mEvaluating tasks: Compile / run[0m
[0m[[0m[0mdebug[0m] [0m[0mRunning task... Cancel: Signal, check cycles: false, forcegc: true[0m
[0m[[0m[0mdebug[0m] [0m[0mjsonRpcNotify: JsonRpcNotificationMessage(2.0, build/taskStart, {"taskId":{"id":"1","parents":[]},"eventTime":1647557812316,"message":"Compiling spark-df","dataKind":"compile-task","data":{"target":{"uri":"file:/Users/camelia/Downloads/spark-df/#spark-df/Compile"}}})[0m
[0m[[0m[0minfo[0m] [0m[0mcompiling 1 Scala source to /Users/camelia/Downloads/spark-df/target/scala-2.13/classes ...[0m
[0m[[0m[0mdebug[0m] [0m[0mjsonRpcNotify: JsonRpcNotificationMessage(2.0, build/logMessage, {"type":3,"message":"compiling 1 Scala source to /Users/camelia/Downloads/spark-df/target/scala-2.13/classes ..."})[0m
[0m[[0m[0minfo[0m] [0m[0mAttempting to fetch org.scala-sbt:compiler-bridge_2.13:1.4.4.[0m
[0m[[0m[0mdebug[0m] [0m[0mjsonRpcNotify: JsonRpcNotificationMessage(2.0, build/logMessage, {"type":3,"message":"Attempting to fetch org.scala-sbt:compiler-bridge_2.13:1.4.4."})[0m
[0m[[0m[0minfo[0m] [0m[0mUpdating [0m
[0m[[0m[0mdebug[0m] [0m[0mjsonRpcNotify: JsonRpcNotificationMessage(2.0, build/logMessage, {"type":3,"message":"Updating "})[0m
[0m[[0m[0minfo[0m] [0m[0mResolved  dependencies[0m
[0m[[0m[0mdebug[0m] [0m[0mjsonRpcNotify: JsonRpcNotificationMessage(2.0, build/logMessage, {"type":3,"message":"Resolved  dependencies"})[0m
[0m[[0m[31merror[0m] [0m[0m## Exception when compiling 1 sources to /Users/camelia/Downloads/spark-df/target/scala-2.13/classes[0m
[0m[[0m[31merror[0m] [0m[0msbt.internal.inc.InvalidComponent: The compiler bridge sources CoursierModuleDescriptor(ModuleDescriptorConfiguration(false, None, org.scala-sbt.temp:temp-module-52f238aede5a1d8d7a484c2bec27a144810e2ac0:1.4.4:compile, ModuleInfo(temp-module-52f238aede5a1d8d7a484c2bec27a144810e2ac0, , None, None, Vector(), , None, None, Vector()), Vector(org.scala-sbt:compiler-bridge_2.13:1.4.4:compile), Vector(), Vector(), , Vector(compile, runtime, test, provided, optional), Some(compile), ConflictManager(latest-revision, *, *)),CoursierConfiguration(Some(sbt.internal.util.ManagedLogger@69f7d8a2), Vector(Raw(ProjectResolver(inter-project, mapped: )), public: https://repo1.maven.org/maven2/, FileRepository(local, Patterns(ivyPatterns=Vector(/Users/camelia/.ivy2/local/[organisation]/[module]/(scala_[scalaVersion]/)(sbt_[sbtVersion]/)([branch]/)[revision]/[type]s/[artifact](-[classifier]).[ext]), artifactPatterns=Vector(/Users/camelia/.ivy2/local/[organisation]/[module]/(scala_[scalaVersion]/)(sbt_[sbtVersion]/)([branch]/)[revision]/[type]s/[artifact](-[classifier]).[ext]), isMavenCompatible=false, descriptorOptional=false, skipConsistencyCheck=false), FileConfiguration(true, None)), URLRepository(sbt-plugin-releases, Patterns(ivyPatterns=Vector(https://repo.scala-sbt.org/scalasbt/sbt-plugin-releases/[organisation]/[module]/(scala_[scalaVersion]/)(sbt_[sbtVersion]/)([branch]/)[revision]/[type]s/[artifact](-[classifier]).[ext]), artifactPatterns=Vector(https://repo.scala-sbt.org/scalasbt/sbt-plugin-releases/[organisation]/[module]/(scala_[scalaVersion]/)(sbt_[sbtVersion]/)([branch]/)[revision]/[type]s/[artifact](-[classifier]).[ext]), isMavenCompatible=false, descriptorOptional=false, skipConsistencyCheck=false), false), URLRepository(typesafe-alt-ivy-releases, Patterns(ivyPatterns=Vector(https://repo.typesafe.com/typesafe/ivy-releases/[organisation]/[module]/(scala_[scalaVersion]/)(sbt_[sbtVersion]/)([branch]/)[revision]/[type]s/[artifact](-[classifier]).[ext]), artifactPatterns=Vector(https://repo.typesafe.com/typesafe/ivy-releases/[organisation]/[module]/(scala_[scalaVersion]/)(sbt_[sbtVersion]/)([branch]/)[revision]/[type]s/[artifact](-[classifier]).[ext]), isMavenCompatible=false, descriptorOptional=false, skipConsistencyCheck=false), false), sbt-maven-releases: https://repo.scala-sbt.org/scalasbt/maven-releases/, sbt-maven-snapshots: https://repo.scala-sbt.org/scalasbt/maven-snapshots/, URLRepository(typesafe-ivy-releases, Patterns(ivyPatterns=Vector(https://repo.typesafe.com/typesafe/ivy-releases/[organization]/[module]/[revision]/[type]s/[artifact](-[classifier]).[ext]), artifactPatterns=Vector(https://repo.typesafe.com/typesafe/ivy-releases/[organization]/[module]/[revision]/[type]s/[artifact](-[classifier]).[ext]), isMavenCompatible=false, descriptorOptional=false, skipConsistencyCheck=false), false), URLRepository(sbt-ivy-snapshots, Patterns(ivyPatterns=Vector(https://repo.scala-sbt.org/scalasbt/ivy-snapshots/[organization]/[module]/[revision]/[type]s/[artifact](-[classifier]).[ext]), artifactPatterns=Vector(https://repo.scala-sbt.org/scalasbt/ivy-snapshots/[organization]/[module]/[revision]/[type]s/[artifact](-[classifier]).[ext]), isMavenCompatible=false, descriptorOptional=false, skipConsistencyCheck=false), false)), 6, 100, Some(org.scala-lang), Some(2.12.12), Vector(/Users/camelia/.sbt/boot/scala-2.12.12/lib/scala-library.jar, /Users/camelia/.sbt/boot/scala-2.12.12/lib/scala-compiler.jar, /Users/camelia/.sbt/boot/scala-2.12.12/lib/scala-reflect.jar, /Users/camelia/.sbt/boot/scala-2.12.12/lib/scala-xml_2.12-1.0.6.jar), Vector(), Vector(), Vector(), true, false, Vector(), Vector(), Some(org.scala-lang), Some(2.13.8), Vector(), Vector(), None, Some(/Users/camelia/Library/Caches/Coursier/v1), Some(/Users/camelia/.ivy2), None, None, Vector(), Vector(), Vector((ModuleMatchers(Set(), Set(), true),Relaxed)), true, 0, Some(24 hours), Vector(Some(SHA-1), None), Vector(LocalUpdateChanging, LocalOnly, Update), false, false, false)) could not be retrieved.[0m
[0m[[0m[31merror[0m] [0m[0m[0m
[0m[[0m[31merror[0m] [0m[0m	Note: Unresolved dependencies path:[0m
[0m[[0m[31merror[0m] [0m[0msbt.internal.inc.ZincLMHelper$.update(ZincComponentCompiler.scala:318)[0m
[0m[[0m[31merror[0m] [0m[0msbt.internal.inc.ZincComponentCompiler.$anonfun$compileAndInstall$3(ZincComponentCompiler.scala:274)[0m
[0m[[0m[31merror[0m] [0m[0msbt.internal.inc.ZincComponentCompiler.$anonfun$compileAndInstall$3$adapted(ZincComponentCompiler.scala:267)[0m
[0m[[0m[31merror[0m] [0m[0msbt.io.IO$.withTemporaryDirectory(IO.scala:490)[0m
[0m[[0m[31merror[0m] [0m[0msbt.io.IO$.withTemporaryDirectory(IO.scala:500)[0m
[0m[[0m[31merror[0m] [0m[0msbt.internal.inc.ZincComponentCompiler.$anonfun$compileAndInstall$2(ZincComponentCompiler.scala:267)[0m
[0m[[0m[31merror[0m] [0m[0mscala.runtime.java8.JFunction0$mcV$sp.apply(JFunction0$mcV$sp.java:23)[0m
[0m[[0m[31merror[0m] [0m[0msbt.internal.util.BufferedLogger.bufferQuietly(BufferedLogger.scala:159)[0m
[0m[[0m[31merror[0m] [0m[0msbt.internal.inc.ZincComponentCompiler.$anonfun$compileAndInstall$1(ZincComponentCompiler.scala:267)[0m
[0m[[0m[31merror[0m] [0m[0msbt.internal.inc.ZincComponentCompiler.$anonfun$compileAndInstall$1$adapted(ZincComponentCompiler.scala:264)[0m
[0m[[0m[31merror[0m] [0m[0msbt.io.IO$.withTemporaryDirectory(IO.scala:490)[0m
[0m[[0m[31merror[0m] [0m[0msbt.io.IO$.withTemporaryDirectory(IO.scala:500)[0m
[0m[[0m[31merror[0m] [0m[0msbt.internal.inc.ZincComponentCompiler.compileAndInstall(ZincComponentCompiler.scala:264)[0m
[0m[[0m[31merror[0m] [0m[0msbt.internal.inc.ZincComponentCompiler.$anonfun$compiledBridgeJar$1(ZincComponentCompiler.scala:232)[0m
[0m[[0m[31merror[0m] [0m[0msbt.internal.inc.IfMissing$Define.run(IfMissing.scala:19)[0m
[0m[[0m[31merror[0m] [0m[0msbt.internal.inc.ZincComponentManager.createAndCache$1(ZincComponentManager.scala:49)[0m
[0m[[0m[31merror[0m] [0m[0msbt.internal.inc.ZincComponentManager.$anonfun$files$3(ZincComponentManager.scala:60)[0m
[0m[[0m[31merror[0m] [0m[0msbt.internal.inc.ZincComponentManager.getOrElse$1(ZincComponentManager.scala:42)[0m
[0m[[0m[31merror[0m] [0m[0msbt.internal.inc.ZincComponentManager.$anonfun$files$2(ZincComponentManager.scala:60)[0m
[0m[[0m[31merror[0m] [0m[0msbt.internal.inc.ZincComponentManager$$anon$1.call(ZincComponentManager.scala:89)[0m
[0m[[0m[31merror[0m] [0m[0mxsbt.boot.Locks$GlobalLock.withChannel$1(Locks.scala:113)[0m
[0m[[0m[31merror[0m] [0m[0mxsbt.boot.Locks$GlobalLock.withChannelRetries$1(Locks.scala:91)[0m
[0m[[0m[31merror[0m] [0m[0mxsbt.boot.Locks$GlobalLock.$anonfun$withFileLock$1(Locks.scala:119)[0m
[0m[[0m[31merror[0m] [0m[0mxsbt.boot.Using$.withResource(Using.scala:12)[0m
[0m[[0m[31merror[0m] [0m[0mxsbt.boot.Using$.apply(Using.scala:9)[0m
[0m[[0m[31merror[0m] [0m[0mxsbt.boot.Locks$GlobalLock.withFileLock(Locks.scala:119)[0m
[0m[[0m[31merror[0m] [0m[0mxsbt.boot.Locks$GlobalLock.ignoringDeadlockAvoided(Locks.scala:71)[0m
[0m[[0m[31merror[0m] [0m[0mxsbt.boot.Locks$GlobalLock.withLock(Locks.scala:59)[0m
[0m[[0m[31merror[0m] [0m[0mxsbt.boot.Locks$.apply0(Locks.scala:47)[0m
[0m[[0m[31merror[0m] [0m[0mxsbt.boot.Locks$.apply(Locks.scala:36)[0m
[0m[[0m[31merror[0m] [0m[0msbt.internal.inc.ZincComponentManager.lock(ZincComponentManager.scala:89)[0m
[0m[[0m[31merror[0m] [0m[0msbt.internal.inc.ZincComponentManager.$anonfun$lockSecondaryCache$1(ZincComponentManager.scala:86)[0m
[0m[[0m[31merror[0m] [0m[0mscala.Option.map(Option.scala:230)[0m
[0m[[0m[31merror[0m] [0m[0msbt.internal.inc.ZincComponentManager.lockSecondaryCache(ZincComponentManager.scala:86)[0m
[0m[[0m[31merror[0m] [0m[0msbt.internal.inc.ZincComponentManager.fromSecondary$1(ZincComponentManager.scala:58)[0m
[0m[[0m[31merror[0m] [0m[0msbt.internal.inc.ZincComponentManager.$anonfun$files$6(ZincComponentManager.scala:64)[0m
[0m[[0m[31merror[0m] [0m[0msbt.internal.inc.ZincComponentManager.getOrElse$1(ZincComponentManager.scala:42)[0m
[0m[[0m[31merror[0m] [0m[0msbt.internal.inc.ZincComponentManager.$anonfun$files$5(ZincComponentManager.scala:64)[0m
[0m[[0m[31merror[0m] [0m[0msbt.internal.inc.ZincComponentManager$$anon$1.call(ZincComponentManager.scala:89)[0m
[0m[[0m[31merror[0m] [0m[0mxsbt.boot.Locks$GlobalLock.withChannel$1(Locks.scala:113)[0m
[0m[[0m[31merror[0m] [0m[0mxsbt.boot.Locks$GlobalLock.withChannelRetries$1(Locks.scala:91)[0m
[0m[[0m[31merror[0m] [0m[0mxsbt.boot.Locks$GlobalLock.$anonfun$withFileLock$1(Locks.scala:119)[0m
[0m[[0m[31merror[0m] [0m[0mxsbt.boot.Using$.withResource(Using.scala:12)[0m
[0m[[0m[31merror[0m] [0m[0mxsbt.boot.Using$.apply(Using.scala:9)[0m
[0m[[0m[31merror[0m] [0m[0mxsbt.boot.Locks$GlobalLock.withFileLock(Locks.scala:119)[0m
[0m[[0m[31merror[0m] [0m[0mxsbt.boot.Locks$GlobalLock.ignoringDeadlockAvoided(Locks.scala:71)[0m
[0m[[0m[31merror[0m] [0m[0mxsbt.boot.Locks$GlobalLock.withLock(Locks.scala:59)[0m
[0m[[0m[31merror[0m] [0m[0mxsbt.boot.Locks$.apply0(Locks.scala:47)[0m
[0m[[0m[31merror[0m] [0m[0mxsbt.boot.Locks$.apply(Locks.scala:36)[0m
[0m[[0m[31merror[0m] [0m[0msbt.internal.inc.ZincComponentManager.lock(ZincComponentManager.scala:89)[0m
[0m[[0m[31merror[0m] [0m[0msbt.internal.inc.ZincComponentManager.lockLocalCache(ZincComponentManager.scala:82)[0m
[0m[[0m[31merror[0m] [0m[0msbt.internal.inc.ZincComponentManager.files(ZincComponentManager.scala:64)[0m
[0m[[0m[31merror[0m] [0m[0msbt.internal.inc.ZincComponentManager.file(ZincComponentManager.scala:70)[0m
[0m[[0m[31merror[0m] [0m[0msbt.internal.inc.ZincComponentCompiler.compiledBridgeJar(ZincComponentCompiler.scala:232)[0m
[0m[[0m[31merror[0m] [0m[0msbt.internal.inc.ZincComponentCompiler$ZincCompilerBridgeProvider.compiledBridge(ZincComponentCompiler.scala:76)[0m
[0m[[0m[31merror[0m] [0m[0msbt.internal.inc.ZincComponentCompiler$ZincCompilerBridgeProvider.fetchCompiledBridge(ZincComponentCompiler.scala:82)[0m
[0m[[0m[31merror[0m] [0m[0msbt.internal.inc.AnalyzingCompiler.getLoader(AnalyzingCompiler.scala:342)[0m
[0m[[0m[31merror[0m] [0m[0msbt.internal.inc.AnalyzingCompiler.compile(AnalyzingCompiler.scala:88)[0m
[0m[[0m[31merror[0m] [0m[0msbt.internal.inc.MixedAnalyzingCompiler.$anonfun$compile$7(MixedAnalyzingCompiler.scala:186)[0m
[0m[[0m[31merror[0m] [0m[0mscala.runtime.java8.JFunction0$mcV$sp.apply(JFunction0$mcV$sp.java:23)[0m
[0m[[0m[31merror[0m] [0m[0msbt.internal.inc.MixedAnalyzingCompiler.timed(MixedAnalyzingCompiler.scala:241)[0m
[0m[[0m[31merror[0m] [0m[0msbt.internal.inc.MixedAnalyzingCompiler.$anonfun$compile$4(MixedAnalyzingCompiler.scala:176)[0m
[0m[[0m[31merror[0m] [0m[0msbt.internal.inc.MixedAnalyzingCompiler.$anonfun$compile$4$adapted(MixedAnalyzingCompiler.scala:157)[0m
[0m[[0m[31merror[0m] [0m[0msbt.internal.inc.JarUtils$.withPreviousJar(JarUtils.scala:239)[0m
[0m[[0m[31merror[0m] [0m[0msbt.internal.inc.MixedAnalyzingCompiler.compileScala$1(MixedAnalyzingCompiler.scala:157)[0m
[0m[[0m[31merror[0m] [0m[0msbt.internal.inc.MixedAnalyzingCompiler.compile(MixedAnalyzingCompiler.scala:204)[0m
[0m[[0m[31merror[0m] [0m[0msbt.internal.inc.IncrementalCompilerImpl.$anonfun$compileInternal$1(IncrementalCompilerImpl.scala:573)[0m
[0m[[0m[31merror[0m] [0m[0msbt.internal.inc.IncrementalCompilerImpl.$anonfun$compileInternal$1$adapted(IncrementalCompilerImpl.scala:573)[0m
[0m[[0m[31merror[0m] [0m[0msbt.internal.inc.Incremental$.$anonfun$apply$5(Incremental.scala:174)[0m
[0m[[0m[31merror[0m] [0m[0msbt.internal.inc.Incremental$.$anonfun$apply$5$adapted(Incremental.scala:172)[0m
[0m[[0m[31merror[0m] [0m[0msbt.internal.inc.Incremental$$anon$2.run(Incremental.scala:459)[0m
[0m[[0m[31merror[0m] [0m[0msbt.internal.inc.IncrementalCommon$CycleState.next(IncrementalCommon.scala:116)[0m
[0m[[0m[31merror[0m] [0m[0msbt.internal.inc.IncrementalCommon$$anon$1.next(IncrementalCommon.scala:56)[0m
[0m[[0m[31merror[0m] [0m[0msbt.internal.inc.IncrementalCommon$$anon$1.next(IncrementalCommon.scala:52)[0m
[0m[[0m[31merror[0m] [0m[0msbt.internal.inc.IncrementalCommon.cycle(IncrementalCommon.scala:261)[0m
[0m[[0m[31merror[0m] [0m[0msbt.internal.inc.Incremental$.$anonfun$incrementalCompile$8(Incremental.scala:414)[0m
[0m[[0m[31merror[0m] [0m[0msbt.internal.inc.Incremental$.withClassfileManager(Incremental.scala:499)[0m
[0m[[0m[31merror[0m] [0m[0msbt.internal.inc.Incremental$.incrementalCompile(Incremental.scala:401)[0m
[0m[[0m[31merror[0m] [0m[0msbt.internal.inc.Incremental$.apply(Incremental.scala:166)[0m
[0m[[0m[31merror[0m] [0m[0msbt.internal.inc.IncrementalCompilerImpl.compileInternal(IncrementalCompilerImpl.scala:573)[0m
[0m[[0m[31merror[0m] [0m[0msbt.internal.inc.IncrementalCompilerImpl.$anonfun$compileIncrementally$1(IncrementalCompilerImpl.scala:491)[0m
[0m[[0m[31merror[0m] [0m[0msbt.internal.inc.IncrementalCompilerImpl.handleCompilationError(IncrementalCompilerImpl.scala:332)[0m
[0m[[0m[31merror[0m] [0m[0msbt.internal.inc.IncrementalCompilerImpl.compileIncrementally(IncrementalCompilerImpl.scala:420)[0m
[0m[[0m[31merror[0m] [0m[0msbt.internal.inc.IncrementalCompilerImpl.compile(IncrementalCompilerImpl.scala:137)[0m
[0m[[0m[31merror[0m] [0m[0msbt.Defaults$.compileIncrementalTaskImpl(Defaults.scala:2200)[0m
[0m[[0m[31merror[0m] [0m[0msbt.Defaults$.$anonfun$compileIncrementalTask$2(Defaults.scala:2157)[0m
[0m[[0m[31merror[0m] [0m[0msbt.internal.io.Retry$.apply(Retry.scala:40)[0m
[0m[[0m[31merror[0m] [0m[0msbt.internal.io.Retry$.apply(Retry.scala:23)[0m
[0m[[0m[31merror[0m] [0m[0msbt.internal.server.BspCompileTask$.compute(BspCompileTask.scala:31)[0m
[0m[[0m[31merror[0m] [0m[0msbt.Defaults$.$anonfun$compileIncrementalTask$1(Defaults.scala:2153)[0m
[0m[[0m[31merror[0m] [0m[0mscala.Function1.$anonfun$compose$1(Function1.scala:49)[0m
[0m[[0m[31merror[0m] [0m[0msbt.internal.util.$tilde$greater.$anonfun$$u2219$1(TypeFunctions.scala:62)[0m
[0m[[0m[31merror[0m] [0m[0msbt.std.Transform$$anon$4.work(Transform.scala:68)[0m
[0m[[0m[31merror[0m] [0m[0msbt.Execute.$anonfun$submit$2(Execute.scala:282)[0m
[0m[[0m[31merror[0m] [0m[0msbt.internal.util.ErrorHandling$.wideConvert(ErrorHandling.scala:23)[0m
[0m[[0m[31merror[0m] [0m[0msbt.Execute.work(Execute.scala:291)[0m
[0m[[0m[31merror[0m] [0m[0msbt.Execute.$anonfun$submit$1(Execute.scala:282)[0m
[0m[[0m[31merror[0m] [0m[0msbt.ConcurrentRestrictions$$anon$4.$anonfun$submitValid$1(ConcurrentRestrictions.scala:265)[0m
[0m[[0m[31merror[0m] [0m[0msbt.CompletionService$$anon$2.call(CompletionService.scala:64)[0m
[0m[[0m[31merror[0m] [0m[0mjava.base/java.util.concurrent.FutureTask.run(FutureTask.java:264)[0m
[0m[[0m[31merror[0m] [0m[0mjava.base/java.util.concurrent.Executors$RunnableAdapter.call(Executors.java:539)[0m
[0m[[0m[31merror[0m] [0m[0mjava.base/java.util.concurrent.FutureTask.run(FutureTask.java:264)[0m
[0m[[0m[31merror[0m] [0m[0mjava.base/java.util.concurrent.ThreadPoolExecutor.runWorker(ThreadPoolExecutor.java:1136)[0m
[0m[[0m[31merror[0m] [0m[0mjava.base/java.util.concurrent.ThreadPoolExecutor$Worker.run(ThreadPoolExecutor.java:635)[0m
[0m[[0m[31merror[0m] [0m[0mjava.base/java.lang.Thread.run(Thread.java:833)[0m
[0m[[0m[31merror[0m] [0m[0m           [0m
[0m[[0m[0mdebug[0m] [0m[0mjsonRpcNotify: JsonRpcNotificationMessage(2.0, build/logMessage, {"type":1,"message":"## Exception when compiling 1 sources to /Users/camelia/Downloads/spark-df/target/scala-2.13/classes\nsbt.internal.inc.InvalidComponent: The compiler bridge sources CoursierModuleDescriptor(ModuleDescriptorConfiguration(false, None, org.scala-sbt.temp:temp-module-52f238aede5a1d8d7a484c2bec27a144810e2ac0:1.4.4:compile, ModuleInfo(temp-module-52f238aede5a1d8d7a484c2bec27a144810e2ac0, , None, None, Vector(), , None, None, Vector()), Vector(org.scala-sbt:compiler-bridge_2.13:1.4.4:compile), Vector(), Vector(), , Vector(compile, runtime, test, provided, optional), Some(compile), ConflictManager(latest-revision, *, *)),CoursierConfiguration(Some(sbt.internal.util.ManagedLogger@69f7d8a2), Vector(Raw(ProjectResolver(inter-project, mapped: )), public: https://repo1.maven.org/maven2/, FileRepository(local, Patterns(ivyPatterns=Vector(/Users/camelia/.ivy2/local/[organisation]/[module]/(scala_[scalaVersion]/)(sbt_[sbtVersion]/)([branch]/)[revision]/[type]s/[artifact](-[classifier]).[ext]), artifactPatterns=Vector(/Users/camelia/.ivy2/local/[organisation]/[module]/(scala_[scalaVersion]/)(sbt_[sbtVersion]/)([branch]/)[revision]/[type]s/[artifact](-[classifier]).[ext]), isMavenCompatible=false, descriptorOptional=false, skipConsistencyCheck=false), FileConfiguration(true, None)), URLRepository(sbt-plugin-releases, Patterns(ivyPatterns=Vector(https://repo.scala-sbt.org/scalasbt/sbt-plugin-releases/[organisation]/[module]/(scala_[scalaVersion]/)(sbt_[sbtVersion]/)([branch]/)[revision]/[type]s/[artifact](-[classifier]).[ext]), artifactPatterns=Vector(https://repo.scala-sbt.org/scalasbt/sbt-plugin-releases/[organisation]/[module]/(scala_[scalaVersion]/)(sbt_[sbtVersion]/)([branch]/)[revision]/[type]s/[artifact](-[classifier]).[ext]), isMavenCompatible=false, descriptorOptional=false, skipConsistencyCheck=false), false), URLRepository(typesafe-alt-ivy-releases, Patterns(ivyPatterns=Vector(https://repo.typesafe.com/typesafe/ivy-releases/[organisation]/[module]/(scala_[scalaVersion]/)(sbt_[sbtVersion]/)([branch]/)[revision]/[type]s/[artifact](-[classifier]).[ext]), artifactPatterns=Vector(https://repo.typesafe.com/typesafe/ivy-releases/[organisation]/[module]/(scala_[scalaVersion]/)(sbt_[sbtVersion]/)([branch]/)[revision]/[type]s/[artifact](-[classifier]).[ext]), isMavenCompatible=false, descriptorOptional=false, skipConsistencyCheck=false), false), sbt-maven-releases: https://repo.scala-sbt.org/scalasbt/maven-releases/, sbt-maven-snapshots: https://repo.scala-sbt.org/scalasbt/maven-snapshots/, URLRepository(typesafe-ivy-releases, Patterns(ivyPatterns=Vector(https://repo.typesafe.com/typesafe/ivy-releases/[organization]/[module]/[revision]/[type]s/[artifact](-[classifier]).[ext]), artifactPatterns=Vector(https://repo.typesafe.com/typesafe/ivy-releases/[organization]/[module]/[revision]/[type]s/[artifact](-[classifier]).[ext]), isMavenCompatible=false, descriptorOptional=false, skipConsistencyCheck=false), false), URLRepository(sbt-ivy-snapshots, Patterns(ivyPatterns=Vector(https://repo.scala-sbt.org/scalasbt/ivy-snapshots/[organization]/[module]/[revision]/[type]s/[artifact](-[classifier]).[ext]), artifactPatterns=Vector(https://repo.scala-sbt.org/scalasbt/ivy-snapshots/[organization]/[module]/[revision]/[type]s/[artifact](-[classifier]).[ext]), isMavenCompatible=false, descriptorOptional=false, skipConsistencyCheck=false), false)), 6, 100, Some(org.scala-lang), Some(2.12.12), Vector(/Users/camelia/.sbt/boot/scala-2.12.12/lib/scala-library.jar, /Users/camelia/.sbt/boot/scala-2.12.12/lib/scala-compiler.jar, /Users/camelia/.sbt/boot/scala-2.12.12/lib/scala-reflect.jar, /Users/camelia/.sbt/boot/scala-2.12.12/lib/scala-xml_2.12-1.0.6.jar), Vector(), Vector(), Vector(), true, false, Vector(), Vector(), Some(org.scala-lang), Some(2.13.8), Vector(), Vector(), None, Some(/Users/camelia/Library/Caches/Coursier/v1), Some(/Users/camelia/.ivy2), None, None, Vector(), Vector(), Vector((ModuleMatchers(Set(), Set(), true),Relaxed)), true, 0, Some(24 hours), Vector(Some(SHA-1), None), Vector(LocalUpdateChanging, LocalOnly, Update), false, false, false)) could not be retrieved.\n\n\tNote: Unresolved dependencies path:\nsbt.internal.inc.ZincLMHelper$.update(ZincComponentCompiler.scala:318)\nsbt.internal.inc.ZincComponentCompiler.$anonfun$compileAndInstall$3(ZincComponentCompiler.scala:274)\nsbt.internal.inc.ZincComponentCompiler.$anonfun$compileAndInstall$3$adapted(ZincComponentCompiler.scala:267)\nsbt.io.IO$.withTemporaryDirectory(IO.scala:490)\nsbt.io.IO$.withTemporaryDirectory(IO.scala:500)\nsbt.internal.inc.ZincComponentCompiler.$anonfun$compileAndInstall$2(ZincComponentCompiler.scala:267)\nscala.runtime.java8.JFunction0$mcV$sp.apply(JFunction0$mcV$sp.java:23)\nsbt.internal.util.BufferedLogger.bufferQuietly(BufferedLogger.scala:159)\nsbt.internal.inc.ZincComponentCompiler.$anonfun$compileAndInstall$1(ZincComponentCompiler.scala:267)\nsbt.internal.inc.ZincComponentCompiler.$anonfun$compileAndInstall$1$adapted(ZincComponentCompiler.scala:264)\nsbt.io.IO$.withTemporaryDirectory(IO.scala:490)\nsbt.io.IO$.withTemporaryDirectory(IO.scala:500)\nsbt.internal.inc.ZincComponentCompiler.compileAndInstall(ZincComponentCompiler.scala:264)\nsbt.internal.inc.ZincComponentCompiler.$anonfun$compiledBridgeJar$1(ZincComponentCompiler.scala:232)\nsbt.internal.inc.IfMissing$Define.run(IfMissing.scala:19)\nsbt.internal.inc.ZincComponentManager.createAndCache$1(ZincComponentManager.scala:49)\nsbt.internal.inc.ZincComponentManager.$anonfun$files$3(ZincComponentManager.scala:60)\nsbt.internal.inc.ZincComponentManager.getOrElse$1(ZincComponentManager.scala:42)\nsbt.internal.inc.ZincComponentManager.$anonfun$files$2(ZincComponentManager.scala:60)\nsbt.internal.inc.ZincComponentManager$$anon$1.call(ZincComponentManager.scala:89)\nxsbt.boot.Locks$GlobalLock.withChannel$1(Locks.scala:113)\nxsbt.boot.Locks$GlobalLock.withChannelRetries$1(Locks.scala:91)\nxsbt.boot.Locks$GlobalLock.$anonfun$withFileLock$1(Locks.scala:119)\nxsbt.boot.Using$.withResource(Using.scala:12)\nxsbt.boot.Using$.apply(Using.scala:9)\nxsbt.boot.Locks$GlobalLock.withFileLock(Locks.scala:119)\nxsbt.boot.Locks$GlobalLock.ignoringDeadlockAvoided(Locks.scala:71)\nxsbt.boot.Locks$GlobalLock.withLock(Locks.scala:59)\nxsbt.boot.Locks$.apply0(Locks.scala:47)\nxsbt.boot.Locks$.apply(Locks.scala:36)\nsbt.internal.inc.ZincComponentManager.lock(ZincComponentManager.scala:89)\nsbt.internal.inc.ZincComponentManager.$anonfun$lockSecondaryCache$1(ZincComponentManager.scala:86)\nscala.Option.map(Option.scala:230)\nsbt.internal.inc.ZincComponentManager.lockSecondaryCache(ZincComponentManager.scala:86)\nsbt.internal.inc.ZincComponentManager.fromSecondary$1(ZincComponentManager.scala:58)\nsbt.internal.inc.ZincComponentManager.$anonfun$files$6(ZincComponentManager.scala:64)\nsbt.internal.inc.ZincComponentManager.getOrElse$1(ZincComponentManager.scala:42)\nsbt.internal.inc.ZincComponentManager.$anonfun$files$5(ZincComponentManager.scala:64)\nsbt.internal.inc.ZincComponentManager$$anon$1.call(ZincComponentManager.scala:89)\nxsbt.boot.Locks$GlobalLock.withChannel$1(Locks.scala:113)\nxsbt.boot.Locks$GlobalLock.withChannelRetries$1(Locks.scala:91)\nxsbt.boot.Locks$GlobalLock.$anonfun$withFileLock$1(Locks.scala:119)\nxsbt.boot.Using$.withResource(Using.scala:12)\nxsbt.boot.Using$.apply(Using.scala:9)\nxsbt.boot.Locks$GlobalLock.withFileLock(Locks.scala:119)\nxsbt.boot.Locks$GlobalLock.ignoringDeadlockAvoided(Locks.scala:71)\nxsbt.boot.Locks$GlobalLock.withLock(Locks.scala:59)\nxsbt.boot.Locks$.apply0(Locks.scala:47)\nxsbt.boot.Locks$.apply(Locks.scala:36)\nsbt.internal.inc.ZincComponentManager.lock(ZincComponentManager.scala:89)\nsbt.internal.inc.ZincComponentManager.lockLocalCache(ZincComponentManager.scala:82)\nsbt.internal.inc.ZincComponentManager.files(ZincComponentManager.scala:64)\nsbt.internal.inc.ZincComponentManager.file(ZincComponentManager.scala:70)\nsbt.internal.inc.ZincComponentCompiler.compiledBridgeJar(ZincComponentCompiler.scala:232)\nsbt.internal.inc.ZincComponentCompiler$ZincCompilerBridgeProvider.compiledBridge(ZincComponentCompiler.scala:76)\nsbt.internal.inc.ZincComponentCompiler$ZincCompilerBridgeProvider.fetchCompiledBridge(ZincComponentCompiler.scala:82)\nsbt.internal.inc.AnalyzingCompiler.getLoader(AnalyzingCompiler.scala:342)\nsbt.internal.inc.AnalyzingCompiler.compile(AnalyzingCompiler.scala:88)\nsbt.internal.inc.MixedAnalyzingCompiler.$anonfun$compile$7(MixedAnalyzingCompiler.scala:186)\nscala.runtime.java8.JFunction0$mcV$sp.apply(JFunction0$mcV$sp.java:23)\nsbt.internal.inc.MixedAnalyzingCompiler.timed(MixedAnalyzingCompiler.scala:241)\nsbt.internal.inc.MixedAnalyzingCompiler.$anonfun$compile$4(MixedAnalyzingCompiler.scala:176)\nsbt.internal.inc.MixedAnalyzingCompiler.$anonfun$compile$4$adapted(MixedAnalyzingCompiler.scala:157)\nsbt.internal.inc.JarUtils$.withPreviousJar(JarUtils.scala:239)\nsbt.internal.inc.MixedAnalyzingCompiler.compileScala$1(MixedAnalyzingCompiler.scala:157)\nsbt.internal.inc.MixedAnalyzingCompiler.compile(MixedAnalyzingCompiler.scala:204)\nsbt.internal.inc.IncrementalCompilerImpl.$anonfun$compileInternal$1(IncrementalCompilerImpl.scala:573)\nsbt.internal.inc.IncrementalCompilerImpl.$anonfun$compileInternal$1$adapted(IncrementalCompilerImpl.scala:573)\nsbt.internal.inc.Incremental$.$anonfun$apply$5(Incremental.scala:174)\nsbt.internal.inc.Incremental$.$anonfun$apply$5$adapted(Incremental.scala:172)\nsbt.internal.inc.Incremental$$anon$2.run(Incremental.scala:459)\nsbt.internal.inc.IncrementalCommon$CycleState.next(IncrementalCommon.scala:116)\nsbt.internal.inc.IncrementalCommon$$anon$1.next(IncrementalCommon.scala:56)\nsbt.internal.inc.IncrementalCommon$$anon$1.next(IncrementalCommon.scala:52)\nsbt.internal.inc.IncrementalCommon.cycle(IncrementalCommon.scala:261)\nsbt.internal.inc.Incremental$.$anonfun$incrementalCompile$8(Incremental.scala:414)\nsbt.internal.inc.Incremental$.withClassfileManager(Incremental.scala:499)\nsbt.internal.inc.Incremental$.incrementalCompile(Incremental.scala:401)\nsbt.internal.inc.Incremental$.apply(Incremental.scala:166)\nsbt.internal.inc.IncrementalCompilerImpl.compileInternal(IncrementalCompilerImpl.scala:573)\nsbt.internal.inc.IncrementalCompilerImpl.$anonfun$compileIncrementally$1(IncrementalCompilerImpl.scala:491)\nsbt.internal.inc.IncrementalCompilerImpl.handleCompilationError(IncrementalCompilerImpl.scala:332)\nsbt.internal.inc.IncrementalCompilerImpl.compileIncrementally(IncrementalCompilerImpl.scala:420)\nsbt.internal.inc.IncrementalCompilerImpl.compile(IncrementalCompilerImpl.scala:137)\nsbt.Defaults$.compileIncrementalTaskImpl(Defaults.scala:2200)\nsbt.Defaults$.$anonfun$compileIncrementalTask$2(Defaults.scala:2157)\nsbt.internal.io.Retry$.apply(Retry.scala:40)\nsbt.internal.io.Retry$.apply(Retry.scala:23)\nsbt.internal.server.BspCompileTask$.compute(BspCompileTask.scala:31)\nsbt.Defaults$.$anonfun$compileIncrementalTask$1(Defaults.scala:2153)\nscala.Function1.$anonfun$compose$1(Function1.scala:49)\nsbt.internal.util.$tilde$greater.$anonfun$$u2219$1(TypeFunctions.scala:62)\nsbt.std.Transform$$anon$4.work(Transform.scala:68)\nsbt.Execute.$anonfun$submit$2(Execute.scala:282)\nsbt.internal.util.ErrorHandling$.wideConvert(ErrorHandling.scala:23)\nsbt.Execute.work(Execute.scala:291)\nsbt.Execute.$anonfun$submit$1(Execute.scala:282)\nsbt.ConcurrentRestrictions$$anon$4.$anonfun$submitValid$1(ConcurrentRestrictions.scala:265)\nsbt.CompletionService$$anon$2.call(CompletionService.scala:64)\njava.base/java.util.concurrent.FutureTask.run(FutureTask.java:264)\njava.base/java.util.concurrent.Executors$RunnableAdapter.call(Executors.java:539)\njava.base/java.util.concurrent.FutureTask.run(FutureTask.java:264)\njava.base/java.util.concurrent.ThreadPoolExecutor.runWorker(ThreadPoolExecutor.java:1136)\njava.base/java.util.concurrent.ThreadPoolExecutor$Worker.run(ThreadPoolExecutor.java:635)\njava.base/java.lang.Thread.run(Thread.java:833)\n           "})[0m
[0m[[0m[0mdebug[0m] [0m[0mjsonRpcNotify: JsonRpcNotificationMessage(2.0, build/publishDiagnostics, {"textDocument":{"uri":"file:///Users/camelia/Downloads/spark-df/src/main/scala/fr/data/spark/DataFrame.scala"},"buildTarget":{"uri":"file:/Users/camelia/Downloads/spark-df/#spark-df/Compile"},"diagnostics":[],"reset":true})[0m
[0m[[0m[0mdebug[0m] [0m[0mjsonRpcNotify: JsonRpcNotificationMessage(2.0, build/taskFinish, {"taskId":{"id":"1","parents":[]},"eventTime":1647557869419,"message":"Compiled spark-df","status":2,"dataKind":"compile-report","data":{"target":{"uri":"file:/Users/camelia/Downloads/spark-df/#spark-df/Compile"},"errors":0,"warnings":0,"time":57103}})[0m
[0m[[0m[31merror[0m] [0m[0msbt.internal.inc.InvalidComponent: The compiler bridge sources CoursierModuleDescriptor(ModuleDescriptorConfiguration(false, None, org.scala-sbt.temp:temp-module-52f238aede5a1d8d7a484c2bec27a144810e2ac0:1.4.4:compile, ModuleInfo(temp-module-52f238aede5a1d8d7a484c2bec27a144810e2ac0, , None, None, Vector(), , None, None, Vector()), Vector(org.scala-sbt:compiler-bridge_2.13:1.4.4:compile), Vector(), Vector(), , Vector(compile, runtime, test, provided, optional), Some(compile), ConflictManager(latest-revision, *, *)),CoursierConfiguration(Some(sbt.internal.util.ManagedLogger@69f7d8a2), Vector(Raw(ProjectResolver(inter-project, mapped: )), public: https://repo1.maven.org/maven2/, FileRepository(local, Patterns(ivyPatterns=Vector(/Users/camelia/.ivy2/local/[organisation]/[module]/(scala_[scalaVersion]/)(sbt_[sbtVersion]/)([branch]/)[revision]/[type]s/[artifact](-[classifier]).[ext]), artifactPatterns=Vector(/Users/camelia/.ivy2/local/[organisation]/[module]/(scala_[scalaVersion]/)(sbt_[sbtVersion]/)([branch]/)[revision]/[type]s/[artifact](-[classifier]).[ext]), isMavenCompatible=false, descriptorOptional=false, skipConsistencyCheck=false), FileConfiguration(true, None)), URLRepository(sbt-plugin-releases, Patterns(ivyPatterns=Vector(https://repo.scala-sbt.org/scalasbt/sbt-plugin-releases/[organisation]/[module]/(scala_[scalaVersion]/)(sbt_[sbtVersion]/)([branch]/)[revision]/[type]s/[artifact](-[classifier]).[ext]), artifactPatterns=Vector(https://repo.scala-sbt.org/scalasbt/sbt-plugin-releases/[organisation]/[module]/(scala_[scalaVersion]/)(sbt_[sbtVersion]/)([branch]/)[revision]/[type]s/[artifact](-[classifier]).[ext]), isMavenCompatible=false, descriptorOptional=false, skipConsistencyCheck=false), false), URLRepository(typesafe-alt-ivy-releases, Patterns(ivyPatterns=Vector(https://repo.typesafe.com/typesafe/ivy-releases/[organisation]/[module]/(scala_[scalaVersion]/)(sbt_[sbtVersion]/)([branch]/)[revision]/[type]s/[artifact](-[classifier]).[ext]), artifactPatterns=Vector(https://repo.typesafe.com/typesafe/ivy-releases/[organisation]/[module]/(scala_[scalaVersion]/)(sbt_[sbtVersion]/)([branch]/)[revision]/[type]s/[artifact](-[classifier]).[ext]), isMavenCompatible=false, descriptorOptional=false, skipConsistencyCheck=false), false), sbt-maven-releases: https://repo.scala-sbt.org/scalasbt/maven-releases/, sbt-maven-snapshots: https://repo.scala-sbt.org/scalasbt/maven-snapshots/, URLRepository(typesafe-ivy-releases, Patterns(ivyPatterns=Vector(https://repo.typesafe.com/typesafe/ivy-releases/[organization]/[module]/[revision]/[type]s/[artifact](-[classifier]).[ext]), artifactPatterns=Vector(https://repo.typesafe.com/typesafe/ivy-releases/[organization]/[module]/[revision]/[type]s/[artifact](-[classifier]).[ext]), isMavenCompatible=false, descriptorOptional=false, skipConsistencyCheck=false), false), URLRepository(sbt-ivy-snapshots, Patterns(ivyPatterns=Vector(https://repo.scala-sbt.org/scalasbt/ivy-snapshots/[organization]/[module]/[revision]/[type]s/[artifact](-[classifier]).[ext]), artifactPatterns=Vector(https://repo.scala-sbt.org/scalasbt/ivy-snapshots/[organization]/[module]/[revision]/[type]s/[artifact](-[classifier]).[ext]), isMavenCompatible=false, descriptorOptional=false, skipConsistencyCheck=false), false)), 6, 100, Some(org.scala-lang), Some(2.12.12), Vector(/Users/camelia/.sbt/boot/scala-2.12.12/lib/scala-library.jar, /Users/camelia/.sbt/boot/scala-2.12.12/lib/scala-compiler.jar, /Users/camelia/.sbt/boot/scala-2.12.12/lib/scala-reflect.jar, /Users/camelia/.sbt/boot/scala-2.12.12/lib/scala-xml_2.12-1.0.6.jar), Vector(), Vector(), Vector(), true, false, Vector(), Vector(), Some(org.scala-lang), Some(2.13.8), Vector(), Vector(), None, Some(/Users/camelia/Library/Caches/Coursier/v1), Some(/Users/camelia/.ivy2), None, None, Vector(), Vector(), Vector((ModuleMatchers(Set(), Set(), true),Relaxed)), true, 0, Some(24 hours), Vector(Some(SHA-1), None), Vector(LocalUpdateChanging, LocalOnly, Update), false, false, false)) could not be retrieved.[0m
[0m[[0m[31merror[0m] [0m[0m[0m
[0m[[0m[31merror[0m] [0m[0m	Note: Unresolved dependencies path:[0m
[0m[[0m[31merror[0m] [0m[0m	at sbt.internal.inc.ZincLMHelper$.update(ZincComponentCompiler.scala:318)[0m
[0m[[0m[31merror[0m] [0m[0m	at sbt.internal.inc.ZincComponentCompiler.$anonfun$compileAndInstall$3(ZincComponentCompiler.scala:274)[0m
[0m[[0m[31merror[0m] [0m[0m	at sbt.internal.inc.ZincComponentCompiler.$anonfun$compileAndInstall$3$adapted(ZincComponentCompiler.scala:267)[0m
[0m[[0m[31merror[0m] [0m[0m	at sbt.io.IO$.withTemporaryDirectory(IO.scala:490)[0m
[0m[[0m[31merror[0m] [0m[0m	at sbt.io.IO$.withTemporaryDirectory(IO.scala:500)[0m
[0m[[0m[31merror[0m] [0m[0m	at sbt.internal.inc.ZincComponentCompiler.$anonfun$compileAndInstall$2(ZincComponentCompiler.scala:267)[0m
[0m[[0m[31merror[0m] [0m[0m	at scala.runtime.java8.JFunction0$mcV$sp.apply(JFunction0$mcV$sp.java:23)[0m
[0m[[0m[31merror[0m] [0m[0m	at sbt.internal.util.BufferedLogger.bufferQuietly(BufferedLogger.scala:159)[0m
[0m[[0m[31merror[0m] [0m[0m	at sbt.internal.inc.ZincComponentCompiler.$anonfun$compileAndInstall$1(ZincComponentCompiler.scala:267)[0m
[0m[[0m[31merror[0m] [0m[0m	at sbt.internal.inc.ZincComponentCompiler.$anonfun$compileAndInstall$1$adapted(ZincComponentCompiler.scala:264)[0m
[0m[[0m[31merror[0m] [0m[0m	at sbt.io.IO$.withTemporaryDirectory(IO.scala:490)[0m
[0m[[0m[31merror[0m] [0m[0m	at sbt.io.IO$.withTemporaryDirectory(IO.scala:500)[0m
[0m[[0m[31merror[0m] [0m[0m	at sbt.internal.inc.ZincComponentCompiler.compileAndInstall(ZincComponentCompiler.scala:264)[0m
[0m[[0m[31merror[0m] [0m[0m	at sbt.internal.inc.ZincComponentCompiler.$anonfun$compiledBridgeJar$1(ZincComponentCompiler.scala:232)[0m
[0m[[0m[31merror[0m] [0m[0m	at sbt.internal.inc.IfMissing$Define.run(IfMissing.scala:19)[0m
[0m[[0m[31merror[0m] [0m[0m	at sbt.internal.inc.ZincComponentManager.createAndCache$1(ZincComponentManager.scala:49)[0m
[0m[[0m[31merror[0m] [0m[0m	at sbt.internal.inc.ZincComponentManager.$anonfun$files$3(ZincComponentManager.scala:60)[0m
[0m[[0m[31merror[0m] [0m[0m	at sbt.internal.inc.ZincComponentManager.getOrElse$1(ZincComponentManager.scala:42)[0m
[0m[[0m[31merror[0m] [0m[0m	at sbt.internal.inc.ZincComponentManager.$anonfun$files$2(ZincComponentManager.scala:60)[0m
[0m[[0m[31merror[0m] [0m[0m	at sbt.internal.inc.ZincComponentManager$$anon$1.call(ZincComponentManager.scala:89)[0m
[0m[[0m[31merror[0m] [0m[0m	at xsbt.boot.Locks$GlobalLock.withChannel$1(Locks.scala:113)[0m
[0m[[0m[31merror[0m] [0m[0m	at xsbt.boot.Locks$GlobalLock.withChannelRetries$1(Locks.scala:91)[0m
[0m[[0m[31merror[0m] [0m[0m	at xsbt.boot.Locks$GlobalLock.$anonfun$withFileLock$1(Locks.scala:119)[0m
[0m[[0m[31merror[0m] [0m[0m	at xsbt.boot.Using$.withResource(Using.scala:12)[0m
[0m[[0m[31merror[0m] [0m[0m	at xsbt.boot.Using$.apply(Using.scala:9)[0m
[0m[[0m[31merror[0m] [0m[0m	at xsbt.boot.Locks$GlobalLock.withFileLock(Locks.scala:119)[0m
[0m[[0m[31merror[0m] [0m[0m	at xsbt.boot.Locks$GlobalLock.ignoringDeadlockAvoided(Locks.scala:71)[0m
[0m[[0m[31merror[0m] [0m[0m	at xsbt.boot.Locks$GlobalLock.withLock(Locks.scala:59)[0m
[0m[[0m[31merror[0m] [0m[0m	at xsbt.boot.Locks$.apply0(Locks.scala:47)[0m
[0m[[0m[31merror[0m] [0m[0m	at xsbt.boot.Locks$.apply(Locks.scala:36)[0m
[0m[[0m[31merror[0m] [0m[0m	at sbt.internal.inc.ZincComponentManager.lock(ZincComponentManager.scala:89)[0m
[0m[[0m[31merror[0m] [0m[0m	at sbt.internal.inc.ZincComponentManager.$anonfun$lockSecondaryCache$1(ZincComponentManager.scala:86)[0m
[0m[[0m[31merror[0m] [0m[0m	at scala.Option.map(Option.scala:230)[0m
[0m[[0m[31merror[0m] [0m[0m	at sbt.internal.inc.ZincComponentManager.lockSecondaryCache(ZincComponentManager.scala:86)[0m
[0m[[0m[31merror[0m] [0m[0m	at sbt.internal.inc.ZincComponentManager.fromSecondary$1(ZincComponentManager.scala:58)[0m
[0m[[0m[31merror[0m] [0m[0m	at sbt.internal.inc.ZincComponentManager.$anonfun$files$6(ZincComponentManager.scala:64)[0m
[0m[[0m[31merror[0m] [0m[0m	at sbt.internal.inc.ZincComponentManager.getOrElse$1(ZincComponentManager.scala:42)[0m
[0m[[0m[31merror[0m] [0m[0m	at sbt.internal.inc.ZincComponentManager.$anonfun$files$5(ZincComponentManager.scala:64)[0m
[0m[[0m[31merror[0m] [0m[0m	at sbt.internal.inc.ZincComponentManager$$anon$1.call(ZincComponentManager.scala:89)[0m
[0m[[0m[31merror[0m] [0m[0m	at xsbt.boot.Locks$GlobalLock.withChannel$1(Locks.scala:113)[0m
[0m[[0m[31merror[0m] [0m[0m	at xsbt.boot.Locks$GlobalLock.withChannelRetries$1(Locks.scala:91)[0m
[0m[[0m[31merror[0m] [0m[0m	at xsbt.boot.Locks$GlobalLock.$anonfun$withFileLock$1(Locks.scala:119)[0m
[0m[[0m[31merror[0m] [0m[0m	at xsbt.boot.Using$.withResource(Using.scala:12)[0m
[0m[[0m[31merror[0m] [0m[0m	at xsbt.boot.Using$.apply(Using.scala:9)[0m
[0m[[0m[31merror[0m] [0m[0m	at xsbt.boot.Locks$GlobalLock.withFileLock(Locks.scala:119)[0m
[0m[[0m[31merror[0m] [0m[0m	at xsbt.boot.Locks$GlobalLock.ignoringDeadlockAvoided(Locks.scala:71)[0m
[0m[[0m[31merror[0m] [0m[0m	at xsbt.boot.Locks$GlobalLock.withLock(Locks.scala:59)[0m
[0m[[0m[31merror[0m] [0m[0m	at xsbt.boot.Locks$.apply0(Locks.scala:47)[0m
[0m[[0m[31merror[0m] [0m[0m	at xsbt.boot.Locks$.apply(Locks.scala:36)[0m
[0m[[0m[31merror[0m] [0m[0m	at sbt.internal.inc.ZincComponentManager.lock(ZincComponentManager.scala:89)[0m
[0m[[0m[31merror[0m] [0m[0m	at sbt.internal.inc.ZincComponentManager.lockLocalCache(ZincComponentManager.scala:82)[0m
[0m[[0m[31merror[0m] [0m[0m	at sbt.internal.inc.ZincComponentManager.files(ZincComponentManager.scala:64)[0m
[0m[[0m[31merror[0m] [0m[0m	at sbt.internal.inc.ZincComponentManager.file(ZincComponentManager.scala:70)[0m
[0m[[0m[31merror[0m] [0m[0m	at sbt.internal.inc.ZincComponentCompiler.compiledBridgeJar(ZincComponentCompiler.scala:232)[0m
[0m[[0m[31merror[0m] [0m[0m	at sbt.internal.inc.ZincComponentCompiler$ZincCompilerBridgeProvider.compiledBridge(ZincComponentCompiler.scala:76)[0m
[0m[[0m[31merror[0m] [0m[0m	at sbt.internal.inc.ZincComponentCompiler$ZincCompilerBridgeProvider.fetchCompiledBridge(ZincComponentCompiler.scala:82)[0m
[0m[[0m[31merror[0m] [0m[0m	at sbt.internal.inc.AnalyzingCompiler.getLoader(AnalyzingCompiler.scala:342)[0m
[0m[[0m[31merror[0m] [0m[0m	at sbt.internal.inc.AnalyzingCompiler.compile(AnalyzingCompiler.scala:88)[0m
[0m[[0m[31merror[0m] [0m[0m	at sbt.internal.inc.MixedAnalyzingCompiler.$anonfun$compile$7(MixedAnalyzingCompiler.scala:186)[0m
[0m[[0m[31merror[0m] [0m[0m	at scala.runtime.java8.JFunction0$mcV$sp.apply(JFunction0$mcV$sp.java:23)[0m
[0m[[0m[31merror[0m] [0m[0m	at sbt.internal.inc.MixedAnalyzingCompiler.timed(MixedAnalyzingCompiler.scala:241)[0m
[0m[[0m[31merror[0m] [0m[0m	at sbt.internal.inc.MixedAnalyzingCompiler.$anonfun$compile$4(MixedAnalyzingCompiler.scala:176)[0m
[0m[[0m[31merror[0m] [0m[0m	at sbt.internal.inc.MixedAnalyzingCompiler.$anonfun$compile$4$adapted(MixedAnalyzingCompiler.scala:157)[0m
[0m[[0m[31merror[0m] [0m[0m	at sbt.internal.inc.JarUtils$.withPreviousJar(JarUtils.scala:239)[0m
[0m[[0m[31merror[0m] [0m[0m	at sbt.internal.inc.MixedAnalyzingCompiler.compileScala$1(MixedAnalyzingCompiler.scala:157)[0m
[0m[[0m[31merror[0m] [0m[0m	at sbt.internal.inc.MixedAnalyzingCompiler.compile(MixedAnalyzingCompiler.scala:204)[0m
[0m[[0m[31merror[0m] [0m[0m	at sbt.internal.inc.IncrementalCompilerImpl.$anonfun$compileInternal$1(IncrementalCompilerImpl.scala:573)[0m
[0m[[0m[31merror[0m] [0m[0m	at sbt.internal.inc.IncrementalCompilerImpl.$anonfun$compileInternal$1$adapted(IncrementalCompilerImpl.scala:573)[0m
[0m[[0m[31merror[0m] [0m[0m	at sbt.internal.inc.Incremental$.$anonfun$apply$5(Incremental.scala:174)[0m
[0m[[0m[31merror[0m] [0m[0m	at sbt.internal.inc.Incremental$.$anonfun$apply$5$adapted(Incremental.scala:172)[0m
[0m[[0m[31merror[0m] [0m[0m	at sbt.internal.inc.Incremental$$anon$2.run(Incremental.scala:459)[0m
[0m[[0m[31merror[0m] [0m[0m	at sbt.internal.inc.IncrementalCommon$CycleState.next(IncrementalCommon.scala:116)[0m
[0m[[0m[31merror[0m] [0m[0m	at sbt.internal.inc.IncrementalCommon$$anon$1.next(IncrementalCommon.scala:56)[0m
[0m[[0m[31merror[0m] [0m[0m	at sbt.internal.inc.IncrementalCommon$$anon$1.next(IncrementalCommon.scala:52)[0m
[0m[[0m[31merror[0m] [0m[0m	at sbt.internal.inc.IncrementalCommon.cycle(IncrementalCommon.scala:261)[0m
[0m[[0m[31merror[0m] [0m[0m	at sbt.internal.inc.Incremental$.$anonfun$incrementalCompile$8(Incremental.scala:414)[0m
[0m[[0m[31merror[0m] [0m[0m	at sbt.internal.inc.Incremental$.withClassfileManager(Incremental.scala:499)[0m
[0m[[0m[31merror[0m] [0m[0m	at sbt.internal.inc.Incremental$.incrementalCompile(Incremental.scala:401)[0m
[0m[[0m[31merror[0m] [0m[0m	at sbt.internal.inc.Incremental$.apply(Incremental.scala:166)[0m
[0m[[0m[31merror[0m] [0m[0m	at sbt.internal.inc.IncrementalCompilerImpl.compileInternal(IncrementalCompilerImpl.scala:573)[0m
[0m[[0m[31merror[0m] [0m[0m	at sbt.internal.inc.IncrementalCompilerImpl.$anonfun$compileIncrementally$1(IncrementalCompilerImpl.scala:491)[0m
[0m[[0m[31merror[0m] [0m[0m	at sbt.internal.inc.IncrementalCompilerImpl.handleCompilationError(IncrementalCompilerImpl.scala:332)[0m
[0m[[0m[31merror[0m] [0m[0m	at sbt.internal.inc.IncrementalCompilerImpl.compileIncrementally(IncrementalCompilerImpl.scala:420)[0m
[0m[[0m[31merror[0m] [0m[0m	at sbt.internal.inc.IncrementalCompilerImpl.compile(IncrementalCompilerImpl.scala:137)[0m
[0m[[0m[31merror[0m] [0m[0m	at sbt.Defaults$.compileIncrementalTaskImpl(Defaults.scala:2200)[0m
[0m[[0m[31merror[0m] [0m[0m	at sbt.Defaults$.$anonfun$compileIncrementalTask$2(Defaults.scala:2157)[0m
[0m[[0m[31merror[0m] [0m[0m	at sbt.internal.io.Retry$.apply(Retry.scala:40)[0m
[0m[[0m[31merror[0m] [0m[0m	at sbt.internal.io.Retry$.apply(Retry.scala:23)[0m
[0m[[0m[31merror[0m] [0m[0m	at sbt.internal.server.BspCompileTask$.compute(BspCompileTask.scala:31)[0m
[0m[[0m[31merror[0m] [0m[0m	at sbt.Defaults$.$anonfun$compileIncrementalTask$1(Defaults.scala:2153)[0m
[0m[[0m[31merror[0m] [0m[0m	at scala.Function1.$anonfun$compose$1(Function1.scala:49)[0m
[0m[[0m[31merror[0m] [0m[0m	at sbt.internal.util.$tilde$greater.$anonfun$$u2219$1(TypeFunctions.scala:62)[0m
[0m[[0m[31merror[0m] [0m[0m	at sbt.std.Transform$$anon$4.work(Transform.scala:68)[0m
[0m[[0m[31merror[0m] [0m[0m	at sbt.Execute.$anonfun$submit$2(Execute.scala:282)[0m
[0m[[0m[31merror[0m] [0m[0m	at sbt.internal.util.ErrorHandling$.wideConvert(ErrorHandling.scala:23)[0m
[0m[[0m[31merror[0m] [0m[0m	at sbt.Execute.work(Execute.scala:291)[0m
[0m[[0m[31merror[0m] [0m[0m	at sbt.Execute.$anonfun$submit$1(Execute.scala:282)[0m
[0m[[0m[31merror[0m] [0m[0m	at sbt.ConcurrentRestrictions$$anon$4.$anonfun$submitValid$1(ConcurrentRestrictions.scala:265)[0m
[0m[[0m[31merror[0m] [0m[0m	at sbt.CompletionService$$anon$2.call(CompletionService.scala:64)[0m
[0m[[0m[31merror[0m] [0m[0m	at java.base/java.util.concurrent.FutureTask.run(FutureTask.java:264)[0m
[0m[[0m[31merror[0m] [0m[0m	at java.base/java.util.concurrent.Executors$RunnableAdapter.call(Executors.java:539)[0m
[0m[[0m[31merror[0m] [0m[0m	at java.base/java.util.concurrent.FutureTask.run(FutureTask.java:264)[0m
[0m[[0m[31merror[0m] [0m[0m	at java.base/java.util.concurrent.ThreadPoolExecutor.runWorker(ThreadPoolExecutor.java:1136)[0m
[0m[[0m[31merror[0m] [0m[0m	at java.base/java.util.concurrent.ThreadPoolExecutor$Worker.run(ThreadPoolExecutor.java:635)[0m
[0m[[0m[31merror[0m] [0m[0m	at java.base/java.lang.Thread.run(Thread.java:833)[0m
[0m[[0m[0mdebug[0m] [0m[0mjsonRpcNotify: JsonRpcNotificationMessage(2.0, build/logMessage, {"type":1,"message":"sbt.internal.inc.InvalidComponent: The compiler bridge sources CoursierModuleDescriptor(ModuleDescriptorConfiguration(false, None, org.scala-sbt.temp:temp-module-52f238aede5a1d8d7a484c2bec27a144810e2ac0:1.4.4:compile, ModuleInfo(temp-module-52f238aede5a1d8d7a484c2bec27a144810e2ac0, , None, None, Vector(), , None, None, Vector()), Vector(org.scala-sbt:compiler-bridge_2.13:1.4.4:compile), Vector(), Vector(), , Vector(compile, runtime, test, provided, optional), Some(compile), ConflictManager(latest-revision, *, *)),CoursierConfiguration(Some(sbt.internal.util.ManagedLogger@69f7d8a2), Vector(Raw(ProjectResolver(inter-project, mapped: )), public: https://repo1.maven.org/maven2/, FileRepository(local, Patterns(ivyPatterns=Vector(/Users/camelia/.ivy2/local/[organisation]/[module]/(scala_[scalaVersion]/)(sbt_[sbtVersion]/)([branch]/)[revision]/[type]s/[artifact](-[classifier]).[ext]), artifactPatterns=Vector(/Users/camelia/.ivy2/local/[organisation]/[module]/(scala_[scalaVersion]/)(sbt_[sbtVersion]/)([branch]/)[revision]/[type]s/[artifact](-[classifier]).[ext]), isMavenCompatible=false, descriptorOptional=false, skipConsistencyCheck=false), FileConfiguration(true, None)), URLRepository(sbt-plugin-releases, Patterns(ivyPatterns=Vector(https://repo.scala-sbt.org/scalasbt/sbt-plugin-releases/[organisation]/[module]/(scala_[scalaVersion]/)(sbt_[sbtVersion]/)([branch]/)[revision]/[type]s/[artifact](-[classifier]).[ext]), artifactPatterns=Vector(https://repo.scala-sbt.org/scalasbt/sbt-plugin-releases/[organisation]/[module]/(scala_[scalaVersion]/)(sbt_[sbtVersion]/)([branch]/)[revision]/[type]s/[artifact](-[classifier]).[ext]), isMavenCompatible=false, descriptorOptional=false, skipConsistencyCheck=false), false), URLRepository(typesafe-alt-ivy-releases, Patterns(ivyPatterns=Vector(https://repo.typesafe.com/typesafe/ivy-releases/[organisation]/[module]/(scala_[scalaVersion]/)(sbt_[sbtVersion]/)([branch]/)[revision]/[type]s/[artifact](-[classifier]).[ext]), artifactPatterns=Vector(https://repo.typesafe.com/typesafe/ivy-releases/[organisation]/[module]/(scala_[scalaVersion]/)(sbt_[sbtVersion]/)([branch]/)[revision]/[type]s/[artifact](-[classifier]).[ext]), isMavenCompatible=false, descriptorOptional=false, skipConsistencyCheck=false), false), sbt-maven-releases: https://repo.scala-sbt.org/scalasbt/maven-releases/, sbt-maven-snapshots: https://repo.scala-sbt.org/scalasbt/maven-snapshots/, URLRepository(typesafe-ivy-releases, Patterns(ivyPatterns=Vector(https://repo.typesafe.com/typesafe/ivy-releases/[organization]/[module]/[revision]/[type]s/[artifact](-[classifier]).[ext]), artifactPatterns=Vector(https://repo.typesafe.com/typesafe/ivy-releases/[organization]/[module]/[revision]/[type]s/[artifact](-[classifier]).[ext]), isMavenCompatible=false, descriptorOptional=false, skipConsistencyCheck=false), false), URLRepository(sbt-ivy-snapshots, Patterns(ivyPatterns=Vector(https://repo.scala-sbt.org/scalasbt/ivy-snapshots/[organization]/[module]/[revision]/[type]s/[artifact](-[classifier]).[ext]), artifactPatterns=Vector(https://repo.scala-sbt.org/scalasbt/ivy-snapshots/[organization]/[module]/[revision]/[type]s/[artifact](-[classifier]).[ext]), isMavenCompatible=false, descriptorOptional=false, skipConsistencyCheck=false), false)), 6, 100, Some(org.scala-lang), Some(2.12.12), Vector(/Users/camelia/.sbt/boot/scala-2.12.12/lib/scala-library.jar, /Users/camelia/.sbt/boot/scala-2.12.12/lib/scala-compiler.jar, /Users/camelia/.sbt/boot/scala-2.12.12/lib/scala-reflect.jar, /Users/camelia/.sbt/boot/scala-2.12.12/lib/scala-xml_2.12-1.0.6.jar), Vector(), Vector(), Vector(), true, false, Vector(), Vector(), Some(org.scala-lang), Some(2.13.8), Vector(), Vector(), None, Some(/Users/camelia/Library/Caches/Coursier/v1), Some(/Users/camelia/.ivy2), None, None, Vector(), Vector(), Vector((ModuleMatchers(Set(), Set(), true),Relaxed)), true, 0, Some(24 hours), Vector(Some(SHA-1), None), Vector(LocalUpdateChanging, LocalOnly, Update), false, false, false)) could not be retrieved.\n\n\tNote: Unresolved dependencies path:\n\tat sbt.internal.inc.ZincLMHelper$.update(ZincComponentCompiler.scala:318)\n\tat sbt.internal.inc.ZincComponentCompiler.$anonfun$compileAndInstall$3(ZincComponentCompiler.scala:274)\n\tat sbt.internal.inc.ZincComponentCompiler.$anonfun$compileAndInstall$3$adapted(ZincComponentCompiler.scala:267)\n\tat sbt.io.IO$.withTemporaryDirectory(IO.scala:490)\n\tat sbt.io.IO$.withTemporaryDirectory(IO.scala:500)\n\tat sbt.internal.inc.ZincComponentCompiler.$anonfun$compileAndInstall$2(ZincComponentCompiler.scala:267)\n\tat scala.runtime.java8.JFunction0$mcV$sp.apply(JFunction0$mcV$sp.java:23)\n\tat sbt.internal.util.BufferedLogger.bufferQuietly(BufferedLogger.scala:159)\n\tat sbt.internal.inc.ZincComponentCompiler.$anonfun$compileAndInstall$1(ZincComponentCompiler.scala:267)\n\tat sbt.internal.inc.ZincComponentCompiler.$anonfun$compileAndInstall$1$adapted(ZincComponentCompiler.scala:264)\n\tat sbt.io.IO$.withTemporaryDirectory(IO.scala:490)\n\tat sbt.io.IO$.withTemporaryDirectory(IO.scala:500)\n\tat sbt.internal.inc.ZincComponentCompiler.compileAndInstall(ZincComponentCompiler.scala:264)\n\tat sbt.internal.inc.ZincComponentCompiler.$anonfun$compiledBridgeJar$1(ZincComponentCompiler.scala:232)\n\tat sbt.internal.inc.IfMissing$Define.run(IfMissing.scala:19)\n\tat sbt.internal.inc.ZincComponentManager.createAndCache$1(ZincComponentManager.scala:49)\n\tat sbt.internal.inc.ZincComponentManager.$anonfun$files$3(ZincComponentManager.scala:60)\n\tat sbt.internal.inc.ZincComponentManager.getOrElse$1(ZincComponentManager.scala:42)\n\tat sbt.internal.inc.ZincComponentManager.$anonfun$files$2(ZincComponentManager.scala:60)\n\tat sbt.internal.inc.ZincComponentManager$$anon$1.call(ZincComponentManager.scala:89)\n\tat xsbt.boot.Locks$GlobalLock.withChannel$1(Locks.scala:113)\n\tat xsbt.boot.Locks$GlobalLock.withChannelRetries$1(Locks.scala:91)\n\tat xsbt.boot.Locks$GlobalLock.$anonfun$withFileLock$1(Locks.scala:119)\n\tat xsbt.boot.Using$.withResource(Using.scala:12)\n\tat xsbt.boot.Using$.apply(Using.scala:9)\n\tat xsbt.boot.Locks$GlobalLock.withFileLock(Locks.scala:119)\n\tat xsbt.boot.Locks$GlobalLock.ignoringDeadlockAvoided(Locks.scala:71)\n\tat xsbt.boot.Locks$GlobalLock.withLock(Locks.scala:59)\n\tat xsbt.boot.Locks$.apply0(Locks.scala:47)\n\tat xsbt.boot.Locks$.apply(Locks.scala:36)\n\tat sbt.internal.inc.ZincComponentManager.lock(ZincComponentManager.scala:89)\n\tat sbt.internal.inc.ZincComponentManager.$anonfun$lockSecondaryCache$1(ZincComponentManager.scala:86)\n\tat scala.Option.map(Option.scala:230)\n\tat sbt.internal.inc.ZincComponentManager.lockSecondaryCache(ZincComponentManager.scala:86)\n\tat sbt.internal.inc.ZincComponentManager.fromSecondary$1(ZincComponentManager.scala:58)\n\tat sbt.internal.inc.ZincComponentManager.$anonfun$files$6(ZincComponentManager.scala:64)\n\tat sbt.internal.inc.ZincComponentManager.getOrElse$1(ZincComponentManager.scala:42)\n\tat sbt.internal.inc.ZincComponentManager.$anonfun$files$5(ZincComponentManager.scala:64)\n\tat sbt.internal.inc.ZincComponentManager$$anon$1.call(ZincComponentManager.scala:89)\n\tat xsbt.boot.Locks$GlobalLock.withChannel$1(Locks.scala:113)\n\tat xsbt.boot.Locks$GlobalLock.withChannelRetries$1(Locks.scala:91)\n\tat xsbt.boot.Locks$GlobalLock.$anonfun$withFileLock$1(Locks.scala:119)\n\tat xsbt.boot.Using$.withResource(Using.scala:12)\n\tat xsbt.boot.Using$.apply(Using.scala:9)\n\tat xsbt.boot.Locks$GlobalLock.withFileLock(Locks.scala:119)\n\tat xsbt.boot.Locks$GlobalLock.ignoringDeadlockAvoided(Locks.scala:71)\n\tat xsbt.boot.Locks$GlobalLock.withLock(Locks.scala:59)\n\tat xsbt.boot.Locks$.apply0(Locks.scala:47)\n\tat xsbt.boot.Locks$.apply(Locks.scala:36)\n\tat sbt.internal.inc.ZincComponentManager.lock(ZincComponentManager.scala:89)\n\tat sbt.internal.inc.ZincComponentManager.lockLocalCache(ZincComponentManager.scala:82)\n\tat sbt.internal.inc.ZincComponentManager.files(ZincComponentManager.scala:64)\n\tat sbt.internal.inc.ZincComponentManager.file(ZincComponentManager.scala:70)\n\tat sbt.internal.inc.ZincComponentCompiler.compiledBridgeJar(ZincComponentCompiler.scala:232)\n\tat sbt.internal.inc.ZincComponentCompiler$ZincCompilerBridgeProvider.compiledBridge(ZincComponentCompiler.scala:76)\n\tat sbt.internal.inc.ZincComponentCompiler$ZincCompilerBridgeProvider.fetchCompiledBridge(ZincComponentCompiler.scala:82)\n\tat sbt.internal.inc.AnalyzingCompiler.getLoader(AnalyzingCompiler.scala:342)\n\tat sbt.internal.inc.AnalyzingCompiler.compile(AnalyzingCompiler.scala:88)\n\tat sbt.internal.inc.MixedAnalyzingCompiler.$anonfun$compile$7(MixedAnalyzingCompiler.scala:186)\n\tat scala.runtime.java8.JFunction0$mcV$sp.apply(JFunction0$mcV$sp.java:23)\n\tat sbt.internal.inc.MixedAnalyzingCompiler.timed(MixedAnalyzingCompiler.scala:241)\n\tat sbt.internal.inc.MixedAnalyzingCompiler.$anonfun$compile$4(MixedAnalyzingCompiler.scala:176)\n\tat sbt.internal.inc.MixedAnalyzingCompiler.$anonfun$compile$4$adapted(MixedAnalyzingCompiler.scala:157)\n\tat sbt.internal.inc.JarUtils$.withPreviousJar(JarUtils.scala:239)\n\tat sbt.internal.inc.MixedAnalyzingCompiler.compileScala$1(MixedAnalyzingCompiler.scala:157)\n\tat sbt.internal.inc.MixedAnalyzingCompiler.compile(MixedAnalyzingCompiler.scala:204)\n\tat sbt.internal.inc.IncrementalCompilerImpl.$anonfun$compileInternal$1(IncrementalCompilerImpl.scala:573)\n\tat sbt.internal.inc.IncrementalCompilerImpl.$anonfun$compileInternal$1$adapted(IncrementalCompilerImpl.scala:573)\n\tat sbt.internal.inc.Incremental$.$anonfun$apply$5(Incremental.scala:174)\n\tat sbt.internal.inc.Incremental$.$anonfun$apply$5$adapted(Incremental.scala:172)\n\tat sbt.internal.inc.Incremental$$anon$2.run(Incremental.scala:459)\n\tat sbt.internal.inc.IncrementalCommon$CycleState.next(IncrementalCommon.scala:116)\n\tat sbt.internal.inc.IncrementalCommon$$anon$1.next(IncrementalCommon.scala:56)\n\tat sbt.internal.inc.IncrementalCommon$$anon$1.next(IncrementalCommon.scala:52)\n\tat sbt.internal.inc.IncrementalCommon.cycle(IncrementalCommon.scala:261)\n\tat sbt.internal.inc.Incremental$.$anonfun$incrementalCompile$8(Incremental.scala:414)\n\tat sbt.internal.inc.Incremental$.withClassfileManager(Incremental.scala:499)\n\tat sbt.internal.inc.Incremental$.incrementalCompile(Incremental.scala:401)\n\tat sbt.internal.inc.Incremental$.apply(Incremental.scala:166)\n\tat sbt.internal.inc.IncrementalCompilerImpl.compileInternal(IncrementalCompilerImpl.scala:573)\n\tat sbt.internal.inc.IncrementalCompilerImpl.$anonfun$compileIncrementally$1(IncrementalCompilerImpl.scala:491)\n\tat sbt.internal.inc.IncrementalCompilerImpl.handleCompilationError(IncrementalCompilerImpl.scala:332)\n\tat sbt.internal.inc.IncrementalCompilerImpl.compileIncrementally(IncrementalCompilerImpl.scala:420)\n\tat sbt.internal.inc.IncrementalCompilerImpl.compile(IncrementalCompilerImpl.scala:137)\n\tat sbt.Defaults$.compileIncrementalTaskImpl(Defaults.scala:2200)\n\tat sbt.Defaults$.$anonfun$compileIncrementalTask$2(Defaults.scala:2157)\n\tat sbt.internal.io.Retry$.apply(Retry.scala:40)\n\tat sbt.internal.io.Retry$.apply(Retry.scala:23)\n\tat sbt.internal.server.BspCompileTask$.compute(BspCompileTask.scala:31)\n\tat sbt.Defaults$.$anonfun$compileIncrementalTask$1(Defaults.scala:2153)\n\tat scala.Function1.$anonfun$compose$1(Function1.scala:49)\n\tat sbt.internal.util.$tilde$greater.$anonfun$$u2219$1(TypeFunctions.scala:62)\n\tat sbt.std.Transform$$anon$4.work(Transform.scala:68)\n\tat sbt.Execute.$anonfun$submit$2(Execute.scala:282)\n\tat sbt.internal.util.ErrorHandling$.wideConvert(ErrorHandling.scala:23)\n\tat sbt.Execute.work(Execute.scala:291)\n\tat sbt.Execute.$anonfun$submit$1(Execute.scala:282)\n\tat sbt.ConcurrentRestrictions$$anon$4.$anonfun$submitValid$1(ConcurrentRestrictions.scala:265)\n\tat sbt.CompletionService$$anon$2.call(CompletionService.scala:64)\n\tat java.base/java.util.concurrent.FutureTask.run(FutureTask.java:264)\n\tat java.base/java.util.concurrent.Executors$RunnableAdapter.call(Executors.java:539)\n\tat java.base/java.util.concurrent.FutureTask.run(FutureTask.java:264)\n\tat java.base/java.util.concurrent.ThreadPoolExecutor.runWorker(ThreadPoolExecutor.java:1136)\n\tat java.base/java.util.concurrent.ThreadPoolExecutor$Worker.run(ThreadPoolExecutor.java:635)\n\tat java.base/java.lang.Thread.run(Thread.java:833)"})[0m
[0m[[0m[31merror[0m] [0m[0m(Compile / [31mcompileIncremental[0m) sbt.internal.inc.InvalidComponent: The compiler bridge sources CoursierModuleDescriptor(ModuleDescriptorConfiguration(false, None, org.scala-sbt.temp:temp-module-52f238aede5a1d8d7a484c2bec27a144810e2ac0:1.4.4:compile, ModuleInfo(temp-module-52f238aede5a1d8d7a484c2bec27a144810e2ac0, , None, None, Vector(), , None, None, Vector()), Vector(org.scala-sbt:compiler-bridge_2.13:1.4.4:compile), Vector(), Vector(), , Vector(compile, runtime, test, provided, optional), Some(compile), ConflictManager(latest-revision, *, *)),CoursierConfiguration(Some(sbt.internal.util.ManagedLogger@69f7d8a2), Vector(Raw(ProjectResolver(inter-project, mapped: )), public: https://repo1.maven.org/maven2/, FileRepository(local, Patterns(ivyPatterns=Vector(/Users/camelia/.ivy2/local/[organisation]/[module]/(scala_[scalaVersion]/)(sbt_[sbtVersion]/)([branch]/)[revision]/[type]s/[artifact](-[classifier]).[ext]), artifactPatterns=Vector(/Users/camelia/.ivy2/local/[organisation]/[module]/(scala_[scalaVersion]/)(sbt_[sbtVersion]/)([branch]/)[revision]/[type]s/[artifact](-[classifier]).[ext]), isMavenCompatible=false, descriptorOptional=false, skipConsistencyCheck=false), FileConfiguration(true, None)), URLRepository(sbt-plugin-releases, Patterns(ivyPatterns=Vector(https://repo.scala-sbt.org/scalasbt/sbt-plugin-releases/[organisation]/[module]/(scala_[scalaVersion]/)(sbt_[sbtVersion]/)([branch]/)[revision]/[type]s/[artifact](-[classifier]).[ext]), artifactPatterns=Vector(https://repo.scala-sbt.org/scalasbt/sbt-plugin-releases/[organisation]/[module]/(scala_[scalaVersion]/)(sbt_[sbtVersion]/)([branch]/)[revision]/[type]s/[artifact](-[classifier]).[ext]), isMavenCompatible=false, descriptorOptional=false, skipConsistencyCheck=false), false), URLRepository(typesafe-alt-ivy-releases, Patterns(ivyPatterns=Vector(https://repo.typesafe.com/typesafe/ivy-releases/[organisation]/[module]/(scala_[scalaVersion]/)(sbt_[sbtVersion]/)([branch]/)[revision]/[type]s/[artifact](-[classifier]).[ext]), artifactPatterns=Vector(https://repo.typesafe.com/typesafe/ivy-releases/[organisation]/[module]/(scala_[scalaVersion]/)(sbt_[sbtVersion]/)([branch]/)[revision]/[type]s/[artifact](-[classifier]).[ext]), isMavenCompatible=false, descriptorOptional=false, skipConsistencyCheck=false), false), sbt-maven-releases: https://repo.scala-sbt.org/scalasbt/maven-releases/, sbt-maven-snapshots: https://repo.scala-sbt.org/scalasbt/maven-snapshots/, URLRepository(typesafe-ivy-releases, Patterns(ivyPatterns=Vector(https://repo.typesafe.com/typesafe/ivy-releases/[organization]/[module]/[revision]/[type]s/[artifact](-[classifier]).[ext]), artifactPatterns=Vector(https://repo.typesafe.com/typesafe/ivy-releases/[organization]/[module]/[revision]/[type]s/[artifact](-[classifier]).[ext]), isMavenCompatible=false, descriptorOptional=false, skipConsistencyCheck=false), false), URLRepository(sbt-ivy-snapshots, Patterns(ivyPatterns=Vector(https://repo.scala-sbt.org/scalasbt/ivy-snapshots/[organization]/[module]/[revision]/[type]s/[artifact](-[classifier]).[ext]), artifactPatterns=Vector(https://repo.scala-sbt.org/scalasbt/ivy-snapshots/[organization]/[module]/[revision]/[type]s/[artifact](-[classifier]).[ext]), isMavenCompatible=false, descriptorOptional=false, skipConsistencyCheck=false), false)), 6, 100, Some(org.scala-lang), Some(2.12.12), Vector(/Users/camelia/.sbt/boot/scala-2.12.12/lib/scala-library.jar, /Users/camelia/.sbt/boot/scala-2.12.12/lib/scala-compiler.jar, /Users/camelia/.sbt/boot/scala-2.12.12/lib/scala-reflect.jar, /Users/camelia/.sbt/boot/scala-2.12.12/lib/scala-xml_2.12-1.0.6.jar), Vector(), Vector(), Vector(), true, false, Vector(), Vector(), Some(org.scala-lang), Some(2.13.8), Vector(), Vector(), None, Some(/Users/camelia/Library/Caches/Coursier/v1), Some(/Users/camelia/.ivy2), None, None, Vector(), Vector(), Vector((ModuleMatchers(Set(), Set(), true),Relaxed)), true, 0, Some(24 hours), Vector(Some(SHA-1), None), Vector(LocalUpdateChanging, LocalOnly, Update), false, false, false)) could not be retrieved.[0m
[0m[[0m[31merror[0m] [0m[0m[0m
[0m[[0m[31merror[0m] [0m[0m	Note: Unresolved dependencies path:[0m
[0m[[0m[0mdebug[0m] [0m[0mjsonRpcNotify: JsonRpcNotificationMessage(2.0, build/logMessage, {"type":1,"message":"(Compile / \u001b[31mcompileIncremental\u001b[0m) sbt.internal.inc.InvalidComponent: The compiler bridge sources CoursierModuleDescriptor(ModuleDescriptorConfiguration(false, None, org.scala-sbt.temp:temp-module-52f238aede5a1d8d7a484c2bec27a144810e2ac0:1.4.4:compile, ModuleInfo(temp-module-52f238aede5a1d8d7a484c2bec27a144810e2ac0, , None, None, Vector(), , None, None, Vector()), Vector(org.scala-sbt:compiler-bridge_2.13:1.4.4:compile), Vector(), Vector(), , Vector(compile, runtime, test, provided, optional), Some(compile), ConflictManager(latest-revision, *, *)),CoursierConfiguration(Some(sbt.internal.util.ManagedLogger@69f7d8a2), Vector(Raw(ProjectResolver(inter-project, mapped: )), public: https://repo1.maven.org/maven2/, FileRepository(local, Patterns(ivyPatterns=Vector(/Users/camelia/.ivy2/local/[organisation]/[module]/(scala_[scalaVersion]/)(sbt_[sbtVersion]/)([branch]/)[revision]/[type]s/[artifact](-[classifier]).[ext]), artifactPatterns=Vector(/Users/camelia/.ivy2/local/[organisation]/[module]/(scala_[scalaVersion]/)(sbt_[sbtVersion]/)([branch]/)[revision]/[type]s/[artifact](-[classifier]).[ext]), isMavenCompatible=false, descriptorOptional=false, skipConsistencyCheck=false), FileConfiguration(true, None)), URLRepository(sbt-plugin-releases, Patterns(ivyPatterns=Vector(https://repo.scala-sbt.org/scalasbt/sbt-plugin-releases/[organisation]/[module]/(scala_[scalaVersion]/)(sbt_[sbtVersion]/)([branch]/)[revision]/[type]s/[artifact](-[classifier]).[ext]), artifactPatterns=Vector(https://repo.scala-sbt.org/scalasbt/sbt-plugin-releases/[organisation]/[module]/(scala_[scalaVersion]/)(sbt_[sbtVersion]/)([branch]/)[revision]/[type]s/[artifact](-[classifier]).[ext]), isMavenCompatible=false, descriptorOptional=false, skipConsistencyCheck=false), false), URLRepository(typesafe-alt-ivy-releases, Patterns(ivyPatterns=Vector(https://repo.typesafe.com/typesafe/ivy-releases/[organisation]/[module]/(scala_[scalaVersion]/)(sbt_[sbtVersion]/)([branch]/)[revision]/[type]s/[artifact](-[classifier]).[ext]), artifactPatterns=Vector(https://repo.typesafe.com/typesafe/ivy-releases/[organisation]/[module]/(scala_[scalaVersion]/)(sbt_[sbtVersion]/)([branch]/)[revision]/[type]s/[artifact](-[classifier]).[ext]), isMavenCompatible=false, descriptorOptional=false, skipConsistencyCheck=false), false), sbt-maven-releases: https://repo.scala-sbt.org/scalasbt/maven-releases/, sbt-maven-snapshots: https://repo.scala-sbt.org/scalasbt/maven-snapshots/, URLRepository(typesafe-ivy-releases, Patterns(ivyPatterns=Vector(https://repo.typesafe.com/typesafe/ivy-releases/[organization]/[module]/[revision]/[type]s/[artifact](-[classifier]).[ext]), artifactPatterns=Vector(https://repo.typesafe.com/typesafe/ivy-releases/[organization]/[module]/[revision]/[type]s/[artifact](-[classifier]).[ext]), isMavenCompatible=false, descriptorOptional=false, skipConsistencyCheck=false), false), URLRepository(sbt-ivy-snapshots, Patterns(ivyPatterns=Vector(https://repo.scala-sbt.org/scalasbt/ivy-snapshots/[organization]/[module]/[revision]/[type]s/[artifact](-[classifier]).[ext]), artifactPatterns=Vector(https://repo.scala-sbt.org/scalasbt/ivy-snapshots/[organization]/[module]/[revision]/[type]s/[artifact](-[classifier]).[ext]), isMavenCompatible=false, descriptorOptional=false, skipConsistencyCheck=false), false)), 6, 100, Some(org.scala-lang), Some(2.12.12), Vector(/Users/camelia/.sbt/boot/scala-2.12.12/lib/scala-library.jar, /Users/camelia/.sbt/boot/scala-2.12.12/lib/scala-compiler.jar, /Users/camelia/.sbt/boot/scala-2.12.12/lib/scala-reflect.jar, /Users/camelia/.sbt/boot/scala-2.12.12/lib/scala-xml_2.12-1.0.6.jar), Vector(), Vector(), Vector(), true, false, Vector(), Vector(), Some(org.scala-lang), Some(2.13.8), Vector(), Vector(), None, Some(/Users/camelia/Library/Caches/Coursier/v1), Some(/Users/camelia/.ivy2), None, None, Vector(), Vector(), Vector((ModuleMatchers(Set(), Set(), true),Relaxed)), true, 0, Some(24 hours), Vector(Some(SHA-1), None), Vector(LocalUpdateChanging, LocalOnly, Update), false, false, false)) could not be retrieved.\n\n\tNote: Unresolved dependencies path:"})[0m
[0m[[0m[31merror[0m] [0m[0mTotal time: 57 s, completed 17 mars 2022, 23:57:49[0m
[0m[[0m[0mdebug[0m] [0m[0m> Exec(shell, None, None)[0m
[0m[[0m[0mdebug[0m] [0m[0mForcing garbage collection...[0m
